Using pre-set license
Built from '2020.3/staging' branch; Version is '2020.3.9f1 (108be757e447) revision 1084391'; Using compiler version '192528614'; Build Type 'Release'
OS: 'Windows 10 Home; OS build 22621.1848; Version 2009; 64bit' Language: 'en' Physical Memory: 15596 MB
BatchMode: 1, IsHumanControllingUs: 0, StartBugReporterOnCrash: 0, Is64bit: 1, IsPro: 0

 COMMAND LINE ARGUMENTS:
C:\Program Files\Unity\Hub\Editor\2020.3.9f1\Editor\Unity.exe
-adb2
-batchMode
-noUpm
-name
AssetImportWorker0
-projectPath
C:/Users/Lakshman/Documents/test/Game Play Programmer Test Ver.1/Game Play Programmer Test Ver.1/ProgramTestShooting/ProgramTestShooting
-logFile
Logs/AssetImportWorker0.log
-srvPort
50228
Successfully changed project path to: C:/Users/Lakshman/Documents/test/Game Play Programmer Test Ver.1/Game Play Programmer Test Ver.1/ProgramTestShooting/ProgramTestShooting
C:/Users/Lakshman/Documents/test/Game Play Programmer Test Ver.1/Game Play Programmer Test Ver.1/ProgramTestShooting/ProgramTestShooting
Using Asset Import Pipeline V2.
Refreshing native plugins compatible for Editor in 30.82 ms, found 0 plugins.
Preloading 0 native plugins for Editor in 0.00 ms.
Initialize engine version: 2020.3.9f1 (108be757e447)
[Subsystems] Discovering subsystems at path C:/Program Files/Unity/Hub/Editor/2020.3.9f1/Editor/Data/Resources/UnitySubsystems
[Subsystems] Discovering subsystems at path C:/Users/Lakshman/Documents/test/Game Play Programmer Test Ver.1/Game Play Programmer Test Ver.1/ProgramTestShooting/ProgramTestShooting/Assets
GfxDevice: creating device client; threaded=0
Direct3D:
    Version:  Direct3D 11.0 [level 11.1]
    Renderer: AMD Radeon RX 6700S (ID=0x73ef)
    Vendor:   
    VRAM:     8146 MB
    Driver:   31.0.12024.2005
Initialize mono
Mono path[0] = 'C:/Program Files/Unity/Hub/Editor/2020.3.9f1/Editor/Data/Managed'
Mono path[1] = 'C:/Program Files/Unity/Hub/Editor/2020.3.9f1/Editor/Data/MonoBleedingEdge/lib/mono/unityjit'
Mono config path = 'C:/Program Files/Unity/Hub/Editor/2020.3.9f1/Editor/Data/MonoBleedingEdge/etc'
Using monoOptions --debugger-agent=transport=dt_socket,embedding=1,server=y,suspend=n,address=127.0.0.1:56808
Begin MonoManager ReloadAssembly
Registering precompiled unity dll's ...
Register platform support module: C:/Program Files/Unity/Hub/Editor/2020.3.9f1/Editor/Data/PlaybackEngines/WindowsStandaloneSupport/UnityEditor.WindowsStandalone.Extensions.dll
Registered in 0.003540 seconds.
Native extension for WindowsStandalone target not found
Refreshing native plugins compatible for Editor in 31.05 ms, found 0 plugins.
Preloading 0 native plugins for Editor in 0.00 ms.
Mono: successfully reloaded assembly
- Completed reload, in  1.445 seconds
Platform modules already initialized, skipping
Registering precompiled user dll's ...
Registered in 0.000744 seconds.
Begin MonoManager ReloadAssembly
Native extension for WindowsStandalone target not found
Refreshing native plugins compatible for Editor in 0.44 ms, found 0 plugins.
Preloading 0 native plugins for Editor in 0.00 ms.
Mono: successfully reloaded assembly
- Completed reload, in  1.053 seconds
Platform modules already initialized, skipping
========================================================================
Worker process is ready to serve import requests
Launched and connected shader compiler UnityShaderCompiler.exe after 0.05 seconds
Refreshing native plugins compatible for Editor in 0.28 ms, found 0 plugins.
Preloading 0 native plugins for Editor in 0.00 ms.
Unloading 1123 Unused Serialized files (Serialized files now loaded: 0)
System memory in use before: 57.9 MB.
System memory in use after: 58.0 MB.

Unloading 9 unused Assets to reduce memory usage. Loaded Objects now: 1568.
Total: 2.807600 ms (FindLiveObjects: 0.215600 ms CreateObjectMapping: 0.068100 ms MarkObjects: 2.448000 ms  DeleteObjects: 0.074300 ms)

========================================================================
Received Import Request.
  path: ProjectSettings/TagManager.asset
  artifactKey: Guid(00000000000000003000000000000000) Importer(815301076,1909f56bfc062723c751e8b465ee728b)
Start importing ProjectSettings/TagManager.asset using Guid(00000000000000003000000000000000) Importer(815301076,1909f56bfc062723c751e8b465ee728b)  -> (artifact id: 'f6d7ee245028ac182aa22fc77d6da777') in 0.097020 seconds
  Import took 0.099288 seconds .

========================================================================
Received Prepare
Registering precompiled user dll's ...
Registered in 0.001460 seconds.
Begin MonoManager ReloadAssembly
Native extension for WindowsStandalone target not found
Refreshing native plugins compatible for Editor in 0.36 ms, found 0 plugins.
Preloading 0 native plugins for Editor in 0.00 ms.
Mono: successfully reloaded assembly
- Completed reload, in  1.023 seconds
Platform modules already initialized, skipping
Refreshing native plugins compatible for Editor in 0.60 ms, found 0 plugins.
Preloading 0 native plugins for Editor in 0.00 ms.
Unloading 1117 Unused Serialized files (Serialized files now loaded: 0)
System memory in use before: 57.8 MB.
System memory in use after: 57.9 MB.

Unloading 5 unused Assets to reduce memory usage. Loaded Objects now: 1571.
Total: 3.133000 ms (FindLiveObjects: 0.193800 ms CreateObjectMapping: 0.057700 ms MarkObjects: 2.855800 ms  DeleteObjects: 0.024200 ms)

========================================================================
Received Import Request.
  Time since last request: 99.457965 seconds.
  path: Assets/Prefabs/Player.prefab
  artifactKey: Guid(6ac43da3da70c1a4e97cf724e73a4dd7) Importer(815301076,1909f56bfc062723c751e8b465ee728b)
Start importing Assets/Prefabs/Player.prefab using Guid(6ac43da3da70c1a4e97cf724e73a4dd7) Importer(815301076,1909f56bfc062723c751e8b465ee728b)  -> (artifact id: '9bcc3564aedd3411b76a8b33991d78a8') in 0.280966 seconds
  Import took 0.283837 seconds .

========================================================================
Received Import Request.
  Time since last request: 9.216029 seconds.
  path: Assets/Prefabs/PlayerSpecial.prefab
  artifactKey: Guid(9c000c9eaa53c2b448ea5b4e1fe3eb18) Importer(815301076,1909f56bfc062723c751e8b465ee728b)
Start importing Assets/Prefabs/PlayerSpecial.prefab using Guid(9c000c9eaa53c2b448ea5b4e1fe3eb18) Importer(815301076,1909f56bfc062723c751e8b465ee728b)  -> (artifact id: 'f6c7214d5c565520ee1a1f683b2cd5d5') in 0.022981 seconds
  Import took 0.027194 seconds .

========================================================================
Received Import Request.
  Time since last request: 0.006404 seconds.
  path: Assets/Prefabs/PlayerSpecial.prefab
  artifactKey: Guid(9c000c9eaa53c2b448ea5b4e1fe3eb18) Importer(815301076,1909f56bfc062723c751e8b465ee728b)
Start importing Assets/Prefabs/PlayerSpecial.prefab using Guid(9c000c9eaa53c2b448ea5b4e1fe3eb18) Importer(815301076,1909f56bfc062723c751e8b465ee728b)  -> (artifact id: 'f6c7214d5c565520ee1a1f683b2cd5d5') in 0.016299 seconds
  Import took 0.020334 seconds .

========================================================================
Received Prepare
Registering precompiled user dll's ...
Registered in 0.000765 seconds.
Begin MonoManager ReloadAssembly
Native extension for WindowsStandalone target not found
Refreshing native plugins compatible for Editor in 0.29 ms, found 0 plugins.
Preloading 0 native plugins for Editor in 0.00 ms.
Mono: successfully reloaded assembly
- Completed reload, in  0.952 seconds
Platform modules already initialized, skipping
Refreshing native plugins compatible for Editor in 0.26 ms, found 0 plugins.
Preloading 0 native plugins for Editor in 0.00 ms.
Unloading 1117 Unused Serialized files (Serialized files now loaded: 0)
System memory in use before: 61.0 MB.
System memory in use after: 61.1 MB.

Unloading 5 unused Assets to reduce memory usage. Loaded Objects now: 1583.
Total: 2.401400 ms (FindLiveObjects: 0.235700 ms CreateObjectMapping: 0.067800 ms MarkObjects: 2.071600 ms  DeleteObjects: 0.023800 ms)

AssetImportWorkerClient::OnTransportError - code=2 error=End of file
